"../../../Engine/Content/Animation/DefaultAnimBoneCompressionSettings.uasset" 0
"../../../Engine/Content/Animation/DefaultAnimCurveCompressionSettings.uasset" 1
"../../../Engine/Content/EngineMaterials/T_Default_Material_Grid_N.uasset" 2
"../../../Engine/Content/EngineMaterials/T_Default_Material_Grid_M.uasset" 3
"../../../Engine/Content/Functions/Engine_MaterialFunctions01/Opacity/CameraDepthFade.uasset" 4
"../../../Engine/Content/EngineMaterials/WorldGridMaterial.uasset" 5
"../../../Engine/Content/ArtTools/RenderToTexture/Meshes/S_1_Unit_Plane.uasset" 6
"../../../Engine/Content/EngineMaterials/DefaultMaterial.uasset" 7
"../../../Engine/Content/BasicShapes/Cone.uasset" 8
"../../../Engine/Content/BasicShapes/Cube.uasset" 9
"../../../Engine/Content/BasicShapes/Sphere.uasset" 10
"../../../Engine/Content/EngineMaterials/DefaultPhysicalMaterial.uasset" 11
"../../../Engine/Content/BufferVisualization/AmbientOcclusion.uasset" 12
"../../../Engine/Content/Functions/Engine_MaterialFunctions02/Utility/AppendMany.uasset" 13
"../../../Engine/Content/BufferVisualization/Anisotropy.uasset" 14
"../../../Engine/Content/BufferVisualization/BaseColor.uasset" 15
"../../../Engine/Content/BufferVisualization/CustomDepth.uasset" 16
"../../../Engine/Content/Functions/Engine_MaterialFunctions02/Utility/VectorLength.uasset" 17
"../../../Engine/Content/BufferVisualization/CustomDepthWorldUnits.uasset" 18
"../../../Engine/Content/EngineMaterials/MiniFont.uasset" 19
"../../../Engine/Content/Functions/Engine_MaterialFunctions02/Utility/MakeFloat3.uasset" 20
"../../../Engine/Content/Functions/Engine_MaterialFunctions02/Utility/MakeFloat2.uasset" 21
"../../../Engine/Content/Functions/Engine_MaterialFunctions02/ScreenResolution.uasset" 22
"../../../Engine/Content/Functions/Engine_MaterialFunctions02/Utility/BreakOutFloat2Components.uasset" 23
"../../../Engine/Content/Functions/Engine_MaterialFunctions01/Texturing/ScaleUVsByCenter.uasset" 24
"../../../Engine/Content/Functions/Engine_MaterialFunctions02/Texturing/ScreenAlignedUVs.uasset" 25
"../../../Engine/Content/BufferVisualization/CustomStencil.uasset" 26
"../../../Engine/Content/BufferVisualization/FinalImage.uasset" 27
"../../../Engine/Content/BufferVisualization/LightingModel.uasset" 28
"../../../Engine/Content/BufferVisualization/MaterialAO.uasset" 29
"../../../Engine/Content/BufferVisualization/Metallic.uasset" 30
"../../../Engine/Content/BufferVisualization/Opacity.uasset" 31
"../../../Engine/Content/BufferVisualization/PostTonemapHDRColor.uasset" 32
"../../../Engine/Content/BufferVisualization/PreTonemapHDRColor.uasset" 33
"../../../Engine/Content/BufferVisualization/Roughness.uasset" 34
"../../../Engine/Content/BufferVisualization/SceneColor.uasset" 35
"../../../Engine/Content/BufferVisualization/SceneDepth.uasset" 36
"../../../Engine/Content/BufferVisualization/SceneDepthWorldUnits.uasset" 37
"../../../Engine/Content/BufferVisualization/SeparateTranslucencyA.uasset" 38
"../../../Engine/Content/BufferVisualization/SeparateTranslucencyRGB.uasset" 39
"../../../Engine/Content/BufferVisualization/Specular.uasset" 40
"../../../Engine/Content/BufferVisualization/SubsurfaceColor.uasset" 41
"../../../Engine/Content/BufferVisualization/Velocity.uasset" 42
"../../../Engine/Content/BufferVisualization/WorldNormal.uasset" 43
"../../../Engine/Content/BufferVisualization/WorldTangent.uasset" 44
"../../../Engine/Content/EditorLandscapeResources/DataLayer.uasset" 45
"../../../Engine/Content/EditorLandscapeResources/DefaultAlphaTexture.uasset" 46
"../../../Engine/Content/EditorLandscapeResources/LandscapeGizmoHeight_Mat.uasset" 47
"../../../Engine/Content/EditorLandscapeResources/LandscapeGizmo_Mat.uasset" 48
"../../../Engine/Content/EditorLandscapeResources/LandscapeGizmo_Mat_Copied.uasset" 49
"../../../Engine/Content/EditorLandscapeResources/SplineEditorMeshMat.uasset" 50
"../../../Engine/Content/EditorLandscapeResources/SplineEditorMesh.uasset" 51
"../../../Engine/Content/EditorMaterials/Cross.uasset" 52
"../../../Engine/Content/EditorMaterials/Cross_Mat.uasset" 53
"../../../Engine/Content/EditorResources/T_EditorHelp.uasset" 54
"../../../Engine/Content/Functions/Engine_MaterialFunctions02/Utility/Sign.uasset" 55
"../../../Engine/Content/Functions/Engine_MaterialFunctions02/Utility/Round.uasset" 56
"../../../Engine/Content/Functions/Engine_MaterialFunctions02/ExampleContent/Textures/DebugNumberPeriod.uasset" 57
"../../../Engine/Content/Functions/Engine_MaterialFunctions02/ExampleContent/DebugNumberStrip.uasset" 58
"../../../Engine/Content/EngineMaterials/DefaultDiffuse.uasset" 59
"../../../Engine/Content/Functions/Engine_MaterialFunctions01/Texturing/TextureCropping.uasset" 60
"../../../Engine/Content/Functions/Engine_MaterialFunctions01/Texturing/ComputeMipLevel.uasset" 61
"../../../Engine/Content/Functions/Engine_MaterialFunctions02/Utility/DebugScalarValues.uasset" 62
"../../../Engine/Content/Functions/Engine_MaterialFunctions02/Utility/DebugFloat2Values.uasset" 63
"../../../Engine/Content/Functions/Engine_MaterialFunctions02/ExampleContent/Textures/flipbook.uasset" 64
"../../../Engine/Content/Functions/Engine_MaterialFunctions02/Texturing/FlipBook.uasset" 65
"../../../Engine/Content/EditorMaterials/HelpActorMaterial.uasset" 66
"../../../Engine/Content/Functions/Engine_MaterialFunctions03/Procedurals/ComputeFilterWidth.uasset" 67
"../../../Engine/Content/EngineMaterials/BlendFunc_DefBlend.uasset" 68
"../../../Engine/Content/EngineMaterials/BlendFunc_DefBase.uasset" 69
"../../../Engine/Content/Functions/Engine_MaterialFunctions03/Blends/Blend_Screen.uasset" 70
"../../../Engine/Content/EditorMaterials/TilingAALineIntegral.uasset" 71
"../../../Engine/Content/EditorMaterials/TilingAALineBoxFiltered.uasset" 72
"../../../Engine/Content/EditorMaterials/TilingAAGrid.uasset" 73
"../../../Engine/Content/EditorMaterials/TilingAADots.uasset" 74
"../../../Engine/Content/EditorMaterials/CompositeARGBLayer.uasset" 75
"../../../Engine/Content/EditorMaterials/LevelGridMaterial.uasset" 76
"../../../Engine/Content/EditorResources/LevelGrid1DStripes.uasset" 77
"../../../Engine/Content/EditorMaterials/TextureGridCascaded1D.uasset" 78
"../../../Engine/Content/EditorMaterials/TextureGridCascaded2D.uasset" 79
"../../../Engine/Content/EditorMaterials/MakeCompositeARGBLayer.uasset" 80
"../../../Engine/Content/EditorMaterials/LevelGridMaterial2.uasset" 81
"../../../Engine/Content/EditorMaterials/MAT_Groups_Toggle.uasset" 82
"../../../Engine/Content/EditorMaterials/MAT_Groups_Visibility.uasset" 83
"../../../Engine/Content/EditorMaterials/PhAT_BoneSelectedMaterial.uasset" 84
"../../../Engine/Content/EditorMaterials/PhAT_ElemSelectedMaterial.uasset" 85
"../../../Engine/Content/EditorMaterials/PhAT_NoCollisionMaterial.uasset" 86
"../../../Engine/Content/EditorMaterials/PhAT_UnselectedMaterial.uasset" 87
"../../../Engine/Content/EditorMaterials/PreviewShadowIndicator.uasset" 88
"../../../Engine/Content/EditorMaterials/PreviewShadowIndicatorMaterial.uasset" 89
"../../../Engine/Content/EditorMaterials/TargetIcon.uasset" 90
"../../../Engine/Content/EditorMaterials/Tick.uasset" 91
"../../../Engine/Content/EditorMaterials/Tick_Mat.uasset" 92
"../../../Engine/Content/EditorMaterials/WidgetGridVertexColorMaterial.uasset" 93
"../../../Engine/Content/EditorMaterials/WidgetGridVertexColorMaterial_Ma.uasset" 94
"../../../Engine/Content/EditorMaterials/WidgetMaterial.uasset" 95
"../../../Engine/Content/EditorMaterials/WidgetMaterial_Current.uasset" 96
"../../../Engine/Content/EditorMaterials/WidgetMaterial_X.uasset" 97
"../../../Engine/Content/EditorMaterials/WidgetMaterial_Y.uasset" 98
"../../../Engine/Content/EditorMaterials/WidgetMaterial_Z.uasset" 99
"../../../Engine/Content/EditorMaterials/WidgetVertexColorMaterial.uasset" 100
"../../../Engine/Content/EditorMaterials/MatineeGroups/MAT_ColorTrack.uasset" 101
"../../../Engine/Content/EditorMaterials/MatineeGroups/MAT_Groups_Anim.uasset" 102
"../../../Engine/Content/EditorMaterials/MatineeGroups/MAT_Groups_AudioMaster.uasset" 103
"../../../Engine/Content/EditorMaterials/MatineeGroups/MAT_Groups_Director.uasset" 104
"../../../Engine/Content/EditorMaterials/MatineeGroups/MAT_Groups_Event.uasset" 105
"../../../Engine/Content/EditorMaterials/MatineeGroups/MAT_Groups_Fade.uasset" 106
"../../../Engine/Content/EditorMaterials/MatineeGroups/MAT_Groups_Float.uasset" 107
"../../../Engine/Content/EditorMaterials/MatineeGroups/MAT_Groups_Move.uasset" 108
"../../../Engine/Content/EditorMaterials/MatineeGroups/MAT_Groups_Slomo.uasset" 109
"../../../Engine/Content/EditorMaterials/MatineeGroups/MAT_Groups_Sound.uasset" 110
"../../../Engine/Content/EditorMaterials/MatineeGroups/MAT_Groups_Vector.uasset" 111
"../../../Engine/Content/EditorMaterials/ParticleSystems/PSysThumbnail_NoImage.uasset" 112
"../../../Engine/Content/EditorMaterials/ParticleSystems/PSysThumbnail_OOD.uasset" 113
"../../../Engine/Content/EngineMaterials/Grid.uasset" 114
"../../../Engine/Content/EditorMaterials/Thumbnails/FloorPlaneMaterial.uasset" 115
"../../../Engine/Content/EditorMeshes/EditorCube.uasset" 116
"../../../Engine/Content/EditorMeshes/EditorCylinder.uasset" 117
"../../../Engine/Content/EditorMeshes/EditorPlane.uasset" 118
"../../../Engine/Content/EditorMaterials/Thumbnails/SkySphereMaterial.uasset" 119
"../../../Engine/Content/EditorMeshes/EditorSkySphere.uasset" 120
"../../../Engine/Content/EditorMeshes/EditorSphere.uasset" 121
"../../../Engine/Content/EditorResources/MatineeCam_D.uasset" 122
"../../../Engine/Content/EditorMaterials/MatineeCam_mat.uasset" 123
"../../../Engine/Content/EditorMeshes/MatineeCam_SM.uasset" 124
"../../../Engine/Content/EditorMeshes/PlanarReflectionPlane.uasset" 125
"../../../Engine/Content/EngineDebugMaterials/M_SimpleOpaque.uasset" 126
"../../../Engine/Content/EditorMaterials/Camera/MI_CineMat_CamViewFinder.uasset" 127
"../../../Engine/Content/EditorMaterials/Camera/CineMat.uasset" 128
"../../../Engine/Content/EditorMaterials/Camera/MI_CineMat_CameraBody.uasset" 129
"../../../Engine/Content/EditorMeshes/Camera/SM_CineCam.uasset" 130
"../../../Engine/Content/EditorMaterials/Camera/MI_CineMat_Rig.uasset" 131
"../../../Engine/Content/EditorMeshes/Camera/SM_CraneRig_Arm.uasset" 132
"../../../Engine/Content/EditorMeshes/Camera/SM_CraneRig_Base.uasset" 133
"../../../Engine/Content/EditorMeshes/Camera/SM_CraneRig_Body.uasset" 134
"../../../Engine/Content/EditorMeshes/Camera/SM_CraneRig_Mount.uasset" 135
"../../../Engine/Content/EditorMeshes/Camera/SM_RailRig_Mount.uasset" 136
"../../../Engine/Content/EditorMeshes/Camera/SM_RailRig_Track.uasset" 137
"../../../Engine/Content/EditorMeshes/ColorCalibrator/M_ChromeBall.uasset" 138
"../../../Engine/Content/EditorResources/Bad.uasset" 139
"../../../Engine/Content/EditorResources/BSPVertex.uasset" 140
"../../../Engine/Content/EditorResources/EmptyActor.uasset" 141
"../../../Engine/Content/EditorResources/MatInstActSprite.uasset" 142
"../../../Engine/Content/EditorResources/SceneManager.uasset" 143
"../../../Engine/Content/EditorResources/SmallFont.uasset" 144
"../../../Engine/Content/EditorResources/S_Actor.uasset" 145
"../../../Engine/Content/EditorResources/S_CameraShakeSource.uasset" 146
"../../../Engine/Content/EditorResources/S_DecalActorIcon.uasset" 147
"../../../Engine/Content/EditorResources/S_Emitter.uasset" 148
"../../../Engine/Content/EditorResources/S_ExpoHeightFog.uasset" 149
"../../../Engine/Content/EditorResources/S_FTest.uasset" 150
"../../../Engine/Content/EditorResources/S_KBSJoint.uasset" 151
"../../../Engine/Content/EditorResources/S_KHinge.uasset" 152
"../../../Engine/Content/EditorResources/S_KPrismatic.uasset" 153
"../../../Engine/Content/EditorResources/S_LevelSequence.uasset" 154
"../../../Engine/Content/EditorResources/S_NavP.uasset" 155
"../../../Engine/Content/EditorResources/S_Note.uasset" 156
"../../../Engine/Content/EditorResources/S_Player.uasset" 157
"../../../Engine/Content/EditorResources/S_PortalActorIcon2.uasset" 158
"../../../Engine/Content/EditorResources/S_RadForce.uasset" 159
"../../../Engine/Content/EditorResources/S_ReflActorIcon.uasset" 160
"../../../Engine/Content/EditorResources/S_SkyAtmosphere.uasset" 161
"../../../Engine/Content/EditorResources/S_Solver.uasset" 162
"../../../Engine/Content/EditorResources/S_Terrain.uasset" 163
"../../../Engine/Content/EditorResources/S_TextRenderActorIcon.uasset" 164
"../../../Engine/Content/EditorResources/S_Thruster.uasset" 165
"../../../Engine/Content/EditorResources/S_Trigger.uasset" 166
"../../../Engine/Content/EditorResources/S_VectorFieldVol.uasset" 167
"../../../Engine/Content/EditorResources/S_VolumetricCloud.uasset" 168
"../../../Engine/Content/EditorResources/S_WindDirectional.uasset" 169
"../../../Engine/Content/EditorResources/AI/S_NavLink.uasset" 170
"../../../Engine/Content/EditorResources/LightIcons/SkyLight.uasset" 171
"../../../Engine/Content/EditorResources/LightIcons/S_LightDirectional.uasset" 172
"../../../Engine/Content/EditorResources/LightIcons/S_LightDirectionalMove.uasset" 173
"../../../Engine/Content/EditorResources/LightIcons/S_LightError.uasset" 174
"../../../Engine/Content/EditorResources/LightIcons/S_LightPoint.uasset" 175
"../../../Engine/Content/EditorResources/LightIcons/S_LightPointMove.uasset" 176
"../../../Engine/Content/EditorResources/LightIcons/S_LightSpot.uasset" 177
"../../../Engine/Content/EditorResources/LightIcons/S_LightSpotMove.uasset" 178
"../../../Engine/Content/EditorResources/SequenceRecorder/Countdown.uasset" 179
"../../../Engine/Content/EditorResources/SequenceRecorder/RecordingIndicator.uasset" 180
"../../../Engine/Content/EditorResources/Spline/T_Loft_Spline.uasset" 181
"../../../Engine/Content/EditorSounds/Notifications/CompileSuccess.uasset" 182
"../../../Engine/Content/EditorSounds/Notifications/CompileStart_Cue.uasset" 183
"../../../Engine/Content/EngineDamageTypes/DmgTypeBP_Environmental.uasset" 184
"../../../Engine/Content/EngineDebugMaterials/HeatmapGradient.uasset" 185
"../../../Engine/Content/EngineDebugMaterials/BoneWeightMaterial.uasset" 186
"../../../Engine/Content/EngineDebugMaterials/ClothMaterial.uasset" 187
"../../../Engine/Content/EngineDebugMaterials/ClothMaterial_WF.uasset" 188
"../../../Engine/Content/EngineDebugMaterials/DebugEditorMaterial.uasset" 189
"../../../Engine/Content/EngineDebugMaterials/DebugMeshMaterial.uasset" 190
"../../../Engine/Content/EngineDebugMaterials/GeomMaterial.uasset" 191
"../../../Engine/Content/Functions/Engine_MaterialFunctions01/Shading/ConvertFromDiffSpec.uasset" 192
"../../../Engine/Content/EngineDebugMaterials/LevelColorationLitMaterial.uasset" 193
"../../../Engine/Content/EngineDebugMaterials/LevelColorationUnlitMaterial.uasset" 194
"../../../Engine/Content/EngineMaterials/DefaultWhiteGrid.uasset" 195
"../../../Engine/Content/EngineDebugMaterials/MAT_LevelColorationLitLightmapUV.uasset" 196
"../../../Engine/Content/EngineDebugMaterials/M_SimpleUnlitTranslucent.uasset" 197
"../../../Engine/Content/EngineDebugMaterials/VolumeToRender.uasset" 198
"../../../Engine/Content/Functions/Engine_MaterialFunctions02/Utility/CameraDirectionVector.uasset" 199
"../../../Engine/Content/EngineDebugMaterials/M_VolumeRenderSphereTracePP.uasset" 200
"../../../Engine/Content/EngineMaterials/DefaultWhiteGrid_Low.uasset" 201
"../../../Engine/Content/EngineDebugMaterials/PhysicalMaterialMaskMaterial.uasset" 202
"../../../Engine/Content/EngineDebugMaterials/ShadedLevelColorationLitMaterial.uasset" 203
"../../../Engine/Content/EngineDebugMaterials/ShadedLevelColorationUnlitMateri.uasset" 204
"../../../Engine/Content/EngineDebugMaterials/VertexColorMaterial.uasset" 205
"../../../Engine/Content/EngineDebugMaterials/VertexColorViewMode_AlphaAsColor.uasset" 206
"../../../Engine/Content/EngineDebugMaterials/VertexColorViewMode_BlueOnly.uasset" 207
"../../../Engine/Content/EngineDebugMaterials/VertexColorViewMode_ColorOnly.uasset" 208
"../../../Engine/Content/EngineDebugMaterials/VertexColorViewMode_GreenOnly.uasset" 209
"../../../Engine/Content/EngineDebugMaterials/VertexColorViewMode_RedOnly.uasset" 210
"../../../Engine/Content/EngineDebugMaterials/WireframeMaterial.uasset" 211
"../../../Engine/Content/EngineFonts/Faces/RobotoTiny.uasset" 212
"../../../Engine/Content/EngineFonts/Faces/DroidSansFallback.uasset" 213
"../../../Engine/Content/EngineFonts/RobotoTiny.uasset" 214
"../../../Engine/Content/EngineFonts/SmallFont.uasset" 215
"../../../Engine/Content/EngineFonts/TinyFont.uasset" 216
"../../../Engine/Content/EngineMaterials/BaseFlattenNormalMap.uasset" 217
"../../../Engine/Content/EngineMaterials/BaseFlattenGrayscaleMap.uasset" 218
"../../../Engine/Content/EngineMaterials/BaseFlattenEmissiveMap.uasset" 219
"../../../Engine/Content/EngineMaterials/BaseFlattenDiffuseMap.uasset" 220
"../../../Engine/Content/EngineMaterials/BaseFlattenMaterial.uasset" 221
"../../../Engine/Content/EngineResources/WhiteSquareTexture.uasset" 222
"../../../Engine/Content/EngineMaterials/BlinkingCaret.uasset" 223
"../../../Engine/Content/EngineMaterials/BlueNoise.uasset" 224
"../../../Engine/Content/EngineMaterials/DefaultBloomKernel.uasset" 225
"../../../Engine/Content/EngineMaterials/DefaultBokeh.uasset" 226
"../../../Engine/Content/EngineMaterials/DefaultDeferredDecalMaterial.uasset" 227
"../../../Engine/Content/EngineMaterials/DefaultLightFunctionMaterial.uasset" 228
"../../../Engine/Content/EngineMaterials/DefaultNormal.uasset" 229
"../../../Engine/Content/EngineMaterials/DefaultPostProcessMaterial.uasset" 230
"../../../Engine/Content/EngineFonts/RobotoDistanceField.uasset" 231
"../../../Engine/Content/EngineMaterials/DefaultTextMaterialOpaque.uasset" 232
"../../../Engine/Content/EngineMaterials/EditorBrushMaterial.uasset" 233
"../../../Engine/Content/EngineMaterials/EmissiveMeshMaterial.uasset" 234
"../../../Engine/Content/EngineMaterials/GizmoMaterial.uasset" 235
"../../../Engine/Content/EngineMaterials/Good64x64TilingNoiseHighFreq.uasset" 236
"../../../Engine/Content/EngineMaterials/Grid_N.uasset" 237
"../../../Engine/Content/EngineMaterials/HighResolutionScreenshotMaskFunction.uasset" 238
"../../../Engine/Content/EngineMaterials/HighResScreenshot.uasset" 239
"../../../Engine/Content/EngineMaterials/HighResScreenshotCaptureRegion.uasset" 240
"../../../Engine/Content/EngineMaterials/HighResScreenshotMask.uasset" 241
"../../../Engine/Content/EngineMaterials/LandscapeHolePhysicalMaterial.uasset" 242
"../../../Engine/Content/EngineMaterials/InvalidLightmapSettings.uasset" 243
"../../../Engine/Content/EngineMaterials/M_InvalidLightmapSettings.uasset" 244
"../../../Engine/Content/EngineMaterials/PaperDiffuse.uasset" 245
"../../../Engine/Content/EngineMaterials/PaperNormal.uasset" 246
"../../../Engine/Content/Functions/Engine_MaterialFunctions02/WorldPositionOffset/CameraOffset.uasset" 247
"../../../Engine/Content/EngineMaterials/PhAT_JointLimitMaterial.uasset" 248
"../../../Engine/Content/EngineMaterials/PhysMat_Rubber.uasset" 249
"../../../Engine/Content/EngineMaterials/PreintegratedSkinBRDF.uasset" 250
"../../../Engine/Content/EngineMaterials/RemoveSurfaceMaterial.uasset" 251
"../../../Engine/Content/EngineMaterials/WeightMapPlaceholderTexture.uasset" 252
"../../../Engine/Content/Functions/Engine_MaterialFunctions01/ImageAdjustment/sRGBToLinear.uasset" 253
"../../../Engine/Content/Functions/Engine_MaterialFunctions02/Utility/BreakOutFloat3Components.uasset" 254
"../../../Engine/Content/EngineMaterials/Widget3DCameraPassThrough_Opaque_OneSided.uasset" 255
"../../../Engine/Content/EngineMaterials/Widget3DPassThrough.uasset" 256
"../../../Engine/Content/EngineMaterials/Widget3DPassThrough_Masked.uasset" 257
"../../../Engine/Content/EngineMaterials/Widget3DPassThrough_Opaque.uasset" 258
"../../../Engine/Content/EngineMaterials/Widget3DPassThrough_Masked_OneSided.uasset" 259
"../../../Engine/Content/EngineMaterials/Widget3DPassThrough_Opaque_OneSided.uasset" 260
"../../../Engine/Content/EngineMaterials/Widget3DPassThrough_Translucent.uasset" 261
"../../../Engine/Content/EngineMaterials/Widget3DPassThrough_Translucent_OneSided.uasset" 262
"../../../Engine/Content/EngineMeshes/Cylinder.uasset" 263
"../../../Engine/Content/EngineMeshes/Sphere.uasset" 264
"../../../Engine/Content/EngineResources/Black.uasset" 265
"../../../Engine/Content/EngineResources/DefaultTextureCube.uasset" 266
"../../../Engine/Content/EngineResources/DefaultVolumeTexture2D.uasset" 267
"../../../Engine/Content/EngineResources/DefaultVolumeTexture.uasset" 268
"../../../Engine/Content/EngineResources/GradientTexture0.uasset" 269
"../../../Engine/Content/EngineResources/StreamingPauseIcon.uasset" 270
"../../../Engine/Content/EngineResources/M_StreamingPause.uasset" 271
"../../../Engine/Content/EngineSky/VolumetricClouds/T_NoiseShape64.uasset" 272
"../../../Engine/Content/EngineSky/VolumetricClouds/T_VolumeNoiseShape64.uasset" 273
"../../../Engine/Content/EngineSky/VolumetricClouds/T_NoiseErosion.uasset" 274
"../../../Engine/Content/EngineSky/VolumetricClouds/T_VolumeNoiseErosion32.uasset" 275
"../../../Engine/Content/EngineSky/VolumetricClouds/CloudWeatherTexture.uasset" 276
"../../../Engine/Content/EngineSky/VolumetricClouds/CloudGradientTexture.uasset" 277
"../../../Engine/Content/EngineSky/VolumetricClouds/m_SimpleVolumetricCloud.uasset" 278
"../../../Engine/Content/EngineSky/VolumetricClouds/m_SimpleVolumetricCloud_Inst.uasset" 279
"../../../Engine/Content/EngineSounds/Master.uasset" 280
"../../../Engine/Content/Functions/Engine_MaterialFunctions01/Shading/PowerToRoughness.uasset" 281
"../../../Engine/Content/Maps/Templates/Thumbnails/Default.uasset" 282
"../../../Engine/Content/Maps/Templates/Thumbnails/TimeOfDay.uasset" 283
"../../../Engine/Content/Maps/Templates/Thumbnails/VR-Basic.uasset" 284
"../../../Engine/Content/MapTemplates/Sky/DaylightAmbientCubemap.uasset" 285
"../../../Engine/Content/MobileResources/T_MobileControls_texture.uasset" 286
"../../../Engine/Content/MobileResources/T_MobileMenu2.uasset" 287
"../../../Engine/Content/MobileResources/HUD/AnalogHat.uasset" 288
"../../../Engine/Content/MobileResources/HUD/VirtualJoystick_Thumb.uasset" 289
"../../../Engine/Content/MobileResources/HUD/VirtualJoystick_Background.uasset" 290
"../../../Engine/Content/MobileResources/HUD/DefaultVirtualJoysticks.uasset" 291
"../../../Engine/Content/MobileResources/HUD/LeftVirtualJoystickOnly.uasset" 292
"../../../Engine/Content/MobileResources/HUD/MobileHUDButton1_off.uasset" 293
"../../../Engine/Content/MobileResources/HUD/MobileHUDButton1_on.uasset" 294
"../../../Engine/Content/MobileResources/HUD/MobileHUDButton2_off.uasset" 295
"../../../Engine/Content/MobileResources/HUD/MobileHUDButton2_on.uasset" 296
"../../../Engine/Content/MobileResources/HUD/MobileHUDButton3.uasset" 297
"../../../Engine/Content/MobileResources/HUD/MobileHUDButtonFire.uasset" 298
"../../../Engine/Content/MobileResources/HUD/MobileHUDDirectionPad.uasset" 299
"../../../Engine/Content/MobileResources/HUD/MobileHUDDirectionPad2.uasset" 300
"../../../Engine/Content/MobileResources/HUD/MobileHUDDirectionPad3.uasset" 301
"../../../Engine/Content/MobileResources/HUD/MobileHUDDirectionStick.uasset" 302
"../../../Engine/Content/MobileResources/HUD/T_Castle_ThumbstickInner.uasset" 303
"../../../Engine/Content/MobileResources/HUD/T_Castle_ThumbstickOutter.uasset" 304
"../../../Engine/Content/Tutorial/ContentIntroCurve.uasset" 305
"../../../Engine/Content/Tutorial/Basics/LevelEditorAttract.uasset" 306
"../../../Engine/Content/Tutorial/Basics/TutorialAssets/icon_tab_Levels_40x.uasset" 307
"../../../Engine/Content/Tutorial/Basics/LevelEditorOverview.uasset" 308
"../../../Engine/Content/Tutorial/BlueprintTutorials/TutorialAssets/Blueprint_64x.uasset" 309
"../../../Engine/Content/Tutorial/BlueprintTutorials/BlueprintEditorTutorial.uasset" 310
"../../../Engine/Content/Tutorial/Installation/InstallingVisualStudioTutorial.uasset" 311
"../../../Engine/Content/Tutorial/InWorldBlueprintEditing/IWBE_Tutorial.uasset" 312
"../../../Engine/Content/Tutorial/InWorldBlueprintEditing/IWBE_Tutorial_Part2.uasset" 313
"../../../Engine/Content/Tutorial/InWorldBlueprintEditing/IWBE_Tutorial_Part3.uasset" 314
"../../../Engine/Content/Tutorial/Landscape/TutorialAssets/Landscape.uasset" 315
"../../../Engine/Content/Tutorial/Landscape/LandscapeWalkThrough.uasset" 316
"../../../Engine/Content/Tutorial/Landscape/Landscape_Manage_Mode.uasset" 317
"../../../Engine/Content/EditorBlueprintResources/StandardMacros.uasset" 318
"../../../Engine/Content/Tutorial/Landscape/Landscape_Painting_Mode.uasset" 319
"../../../Engine/Content/Tutorial/Landscape/Landscape_Sculpt_Mode.uasset" 320
"../../../Engine/Content/Tutorial/SubEditors/TutorialAssets/icon_ShowSkeletalMeshes_40x.uasset" 321
"../../../Engine/Content/Tutorial/SubEditors/PersonaAnimBlueprintEditorWalkthrough.uasset" 322
"../../../Engine/Content/Tutorial/SubEditors/PersonaAnimEditorWalkthrough.uasset" 323
"../../../Engine/Content/Tutorial/SubEditors/PersonaWalkthrough.uasset" 324
"../../../Engine/Content/Tutorial/SubEditors/SkeletalMeshEditorWalkthrough.uasset" 325
"../../../Engine/Content/Tutorial/SubEditors/SkeletonModeWalkthrough.uasset" 326
"../../../Engine/Content/VREditor/TransformGizmo/TranslucentTransformGizmoMaterial.uasset" 327
"../../../Engine/Content/VREditor/LaserPointer/VR_LaserPower_01.uasset" 328
"../../../Engine/Content/VREditor/TransformGizmo/TransformGizmoMaterial.uasset" 329
"../../../Engine/Content/VREditor/TransformGizmo/BoundingBoxCorner.uasset" 330
"../../../Engine/Content/VREditor/TransformGizmo/BoundingBoxEdge.uasset" 331
"../../../Engine/Content/VREditor/TransformGizmo/PlaneTranslationHandle.uasset" 332
"../../../Engine/Content/VREditor/TransformGizmo/Xray.uasset" 333
"../../../Engine/Content/VREditor/TransformGizmo/Main.uasset" 334
"../../../Engine/Content/VREditor/TransformGizmo/SM_Sequencer_Key.uasset" 335
"../../../Engine/Content/VREditor/TransformGizmo/SM_Sequencer_Node.uasset" 336
"../../Plugins/2D/Paper2D/Content/PlaceholderTextures/FlatNormalMap.uasset" 337
"../../Plugins/2D/Paper2D/Content/PlaceholderTextures/DummySpriteTexture.uasset" 338
"../../Plugins/2D/Paper2D/Content/DefaultLitSpriteMaterial.uasset" 339
"../../Plugins/2D/Paper2D/Content/TranslucentLitSpriteMaterial.uasset" 340
"../../../../../../Users/aieko/Documents/Unreal Projects/TDGame/Content/BluePrints/Foes/Effects/flameprojectile/0016.uasset" 341
"../../Plugins/2D/Paper2D/Content/DefaultSpriteMaterial.uasset" 342
"../../Plugins/2D/Paper2D/Content/TranslucentUnlitSpriteMaterial.uasset" 343
"../../../../../../Users/aieko/Documents/Unreal Projects/TDGame/Content/BluePrints/Foes/Effects/flameprojectile/0016_Sprite.uasset" 344
"../../../../../../Users/aieko/Documents/Unreal Projects/TDGame/Content/BluePrints/Foes/Effects/flameprojectile/0015.uasset" 345
"../../../../../../Users/aieko/Documents/Unreal Projects/TDGame/Content/BluePrints/Foes/Effects/flameprojectile/0015_Sprite.uasset" 346
"../../../../../../Users/aieko/Documents/Unreal Projects/TDGame/Content/BluePrints/Foes/Effects/flameprojectile/0014.uasset" 347
"../../../../../../Users/aieko/Documents/Unreal Projects/TDGame/Content/BluePrints/Foes/Effects/flameprojectile/0014_Sprite.uasset" 348
"../../../../../../Users/aieko/Documents/Unreal Projects/TDGame/Content/BluePrints/Foes/Effects/flameprojectile/0013.uasset" 349
"../../../../../../Users/aieko/Documents/Unreal Projects/TDGame/Content/BluePrints/Foes/Effects/flameprojectile/0013_Sprite.uasset" 350
"../../../../../../Users/aieko/Documents/Unreal Projects/TDGame/Content/BluePrints/Foes/Effects/flameprojectile/0012.uasset" 351
"../../../../../../Users/aieko/Documents/Unreal Projects/TDGame/Content/BluePrints/Foes/Effects/flameprojectile/0012_Sprite.uasset" 352
"../../../../../../Users/aieko/Documents/Unreal Projects/TDGame/Content/BluePrints/Foes/Effects/flameprojectile/0011.uasset" 353
"../../../../../../Users/aieko/Documents/Unreal Projects/TDGame/Content/BluePrints/Foes/Effects/flameprojectile/0011_Sprite.uasset" 354
"../../../../../../Users/aieko/Documents/Unreal Projects/TDGame/Content/BluePrints/Foes/Effects/flameprojectile/0010.uasset" 355
"../../../../../../Users/aieko/Documents/Unreal Projects/TDGame/Content/BluePrints/Foes/Effects/flameprojectile/0010_Sprite.uasset" 356
"../../../../../../Users/aieko/Documents/Unreal Projects/TDGame/Content/BluePrints/Foes/Effects/flameprojectile/0009.uasset" 357
"../../../../../../Users/aieko/Documents/Unreal Projects/TDGame/Content/BluePrints/Foes/Effects/flameprojectile/0009_Sprite.uasset" 358
"../../../../../../Users/aieko/Documents/Unreal Projects/TDGame/Content/BluePrints/Foes/Effects/flameprojectile/0008.uasset" 359
"../../../../../../Users/aieko/Documents/Unreal Projects/TDGame/Content/BluePrints/Foes/Effects/flameprojectile/0008_Sprite.uasset" 360
"../../../../../../Users/aieko/Documents/Unreal Projects/TDGame/Content/BluePrints/Foes/Effects/flameprojectile/Flame.uasset" 361
"../../../../../../Users/aieko/Documents/Unreal Projects/TDGame/Content/BluePrints/Foes/Effects/PNG/Blood/imgbin_animation-sprite-opengameart-org-particle-system-png__3_.uasset" 362
"../../../../../../Users/aieko/Documents/Unreal Projects/TDGame/Content/TDCharacter/Blueprints/TDGameInstance.uasset" 363
"../../../../../../Users/aieko/Documents/Unreal Projects/TDGame/Content/TDCharacter/PNG/Knight/knight_m_idle_anim_f0.uasset" 364
"../../../../../../Users/aieko/Documents/Unreal Projects/TDGame/Content/TDCharacter/PNG/Knight/knight_m_idle_anim_f1.uasset" 365
"../../../../../../Users/aieko/Documents/Unreal Projects/TDGame/Content/TDCharacter/PNG/Knight/knight_m_idle_anim_f2.uasset" 366
"../../../../../../Users/aieko/Documents/Unreal Projects/TDGame/Content/TDCharacter/PNG/Knight/knight_m_idle_anim_f3.uasset" 367
"../../../../../../Users/aieko/Documents/Unreal Projects/TDGame/Content/TDCharacter/PNG/KnightCharacter/Attack1/HeroKnight_Attack1_5_Sprite.uasset" 368
"../../../../../../Users/aieko/Documents/Unreal Projects/TDGame/Content/TDCharacter/PNG/KnightCharacter/Attack1/HeroKnight_Attack1_4_Sprite.uasset" 369
"../../../../../../Users/aieko/Documents/Unreal Projects/TDGame/Content/TDCharacter/PNG/KnightCharacter/Attack1/HeroKnight_Attack1_3_Sprite.uasset" 370
"../../../../../../Users/aieko/Documents/Unreal Projects/TDGame/Content/TDCharacter/PNG/KnightCharacter/Attack1/HeroKnight_Attack1_2_Sprite.uasset" 371
"../../../../../../Users/aieko/Documents/Unreal Projects/TDGame/Content/TDCharacter/PNG/KnightCharacter/Attack1/HeroKnight_Attack1_1_Sprite.uasset" 372
"../../../../../../Users/aieko/Documents/Unreal Projects/TDGame/Content/TDCharacter/PNG/KnightCharacter/Attack1/HeroKnight_Attack1_0_Sprite.uasset" 373
"../../../../../../Users/aieko/Documents/Unreal Projects/TDGame/Content/TDCharacter/PNG/KnightCharacter/Attack1/HeroKnight_Attack1.uasset" 374
"../../../../../../Users/aieko/Documents/Unreal Projects/TDGame/Content/TDCharacter/PNG/KnightCharacter/Attack1/HeroKnight_Attack1_0.uasset" 375
"../../../../../../Users/aieko/Documents/Unreal Projects/TDGame/Content/TDCharacter/PNG/KnightCharacter/Attack1/HeroKnight_Attack1_1.uasset" 376
"../../../../../../Users/aieko/Documents/Unreal Projects/TDGame/Content/TDCharacter/PNG/KnightCharacter/Attack1/HeroKnight_Attack1_2.uasset" 377
"../../../../../../Users/aieko/Documents/Unreal Projects/TDGame/Content/TDCharacter/PNG/KnightCharacter/Attack1/HeroKnight_Attack1_3.uasset" 378
"../../../../../../Users/aieko/Documents/Unreal Projects/TDGame/Content/TDCharacter/PNG/KnightCharacter/Attack1/HeroKnight_Attack1_4.uasset" 379
"../../../../../../Users/aieko/Documents/Unreal Projects/TDGame/Content/TDCharacter/PNG/KnightCharacter/Attack1/HeroKnight_Attack1_5.uasset" 380
"../../../../../../Users/aieko/Documents/Unreal Projects/TDGame/Content/TDCharacter/PNG/KnightCharacter/Attack2/HeroKnight_Attack2_0.uasset" 381
"../../../../../../Users/aieko/Documents/Unreal Projects/TDGame/Content/TDCharacter/PNG/KnightCharacter/Attack2/HeroKnight_Attack2_1.uasset" 382
"../../../../../../Users/aieko/Documents/Unreal Projects/TDGame/Content/TDCharacter/PNG/KnightCharacter/Attack2/HeroKnight_Attack2_2.uasset" 383
"../../../../../../Users/aieko/Documents/Unreal Projects/TDGame/Content/TDCharacter/PNG/KnightCharacter/Attack2/HeroKnight_Attack2_3.uasset" 384
"../../../../../../Users/aieko/Documents/Unreal Projects/TDGame/Content/TDCharacter/PNG/KnightCharacter/Attack2/HeroKnight_Attack2_4.uasset" 385
"../../../../../../Users/aieko/Documents/Unreal Projects/TDGame/Content/TDCharacter/PNG/KnightCharacter/Attack2/HeroKnight_Attack2_5.uasset" 386
"../../../../../../Users/aieko/Documents/Unreal Projects/TDGame/Content/TDCharacter/PNG/KnightCharacter/Death/HeroKnight_Death_0.uasset" 387
"../../../../../../Users/aieko/Documents/Unreal Projects/TDGame/Content/TDCharacter/PNG/KnightCharacter/Death/HeroKnight_Death_1.uasset" 388
"../../../../../../Users/aieko/Documents/Unreal Projects/TDGame/Content/TDCharacter/PNG/KnightCharacter/Death/HeroKnight_Death_2.uasset" 389
"../../../../../../Users/aieko/Documents/Unreal Projects/TDGame/Content/TDCharacter/PNG/KnightCharacter/Death/HeroKnight_Death_3.uasset" 390
"../../../../../../Users/aieko/Documents/Unreal Projects/TDGame/Content/TDCharacter/PNG/KnightCharacter/Death/HeroKnight_Death_4.uasset" 391
"../../../../../../Users/aieko/Documents/Unreal Projects/TDGame/Content/TDCharacter/PNG/KnightCharacter/Death/HeroKnight_Death_5.uasset" 392
"../../../../../../Users/aieko/Documents/Unreal Projects/TDGame/Content/TDCharacter/PNG/KnightCharacter/Death/HeroKnight_Death_6.uasset" 393
"../../../../../../Users/aieko/Documents/Unreal Projects/TDGame/Content/TDCharacter/PNG/KnightCharacter/Death/HeroKnight_Death_7.uasset" 394
"../../../../../../Users/aieko/Documents/Unreal Projects/TDGame/Content/TDCharacter/PNG/KnightCharacter/Death/HeroKnight_Death_8.uasset" 395
"../../../../../../Users/aieko/Documents/Unreal Projects/TDGame/Content/TDCharacter/PNG/KnightCharacter/Death/HeroKnight_Death_9.uasset" 396
"../../../../../../Users/aieko/Documents/Unreal Projects/TDGame/Content/TDCharacter/PNG/KnightCharacter/Hurt/HeroKnight_Hurt_0.uasset" 397
"../../../../../../Users/aieko/Documents/Unreal Projects/TDGame/Content/TDCharacter/PNG/KnightCharacter/Hurt/HeroKnight_Hurt_1.uasset" 398
"../../../../../../Users/aieko/Documents/Unreal Projects/TDGame/Content/TDCharacter/PNG/KnightCharacter/Hurt/HeroKnight_Hurt_2.uasset" 399
"../../../../../../Users/aieko/Documents/Unreal Projects/TDGame/Content/TDCharacter/PNG/KnightCharacter/Idle/HeroKnight_Idle_0.uasset" 400
"../../../../../../Users/aieko/Documents/Unreal Projects/TDGame/Content/TDCharacter/PNG/KnightCharacter/Idle/HeroKnight_Idle_1.uasset" 401
"../../../../../../Users/aieko/Documents/Unreal Projects/TDGame/Content/TDCharacter/PNG/KnightCharacter/Idle/HeroKnight_Idle_2.uasset" 402
"../../../../../../Users/aieko/Documents/Unreal Projects/TDGame/Content/TDCharacter/PNG/KnightCharacter/Idle/HeroKnight_Idle_3.uasset" 403
"../../../../../../Users/aieko/Documents/Unreal Projects/TDGame/Content/TDCharacter/PNG/KnightCharacter/Idle/HeroKnight_Idle_4.uasset" 404
"../../../../../../Users/aieko/Documents/Unreal Projects/TDGame/Content/TDCharacter/PNG/KnightCharacter/Idle/HeroKnight_Idle_5.uasset" 405
"../../../../../../Users/aieko/Documents/Unreal Projects/TDGame/Content/TDCharacter/PNG/KnightCharacter/Idle/HeroKnight_Idle_6.uasset" 406
"../../../../../../Users/aieko/Documents/Unreal Projects/TDGame/Content/TDCharacter/PNG/KnightCharacter/Idle/HeroKnight_Idle_7.uasset" 407
"../../../../../../Users/aieko/Documents/Unreal Projects/TDGame/Content/TDCharacter/PNG/KnightCharacter/Roll/HeroKnight_Roll_0.uasset" 408
"../../../../../../Users/aieko/Documents/Unreal Projects/TDGame/Content/TDCharacter/PNG/KnightCharacter/Roll/HeroKnight_Roll_1.uasset" 409
"../../../../../../Users/aieko/Documents/Unreal Projects/TDGame/Content/TDCharacter/PNG/KnightCharacter/Roll/HeroKnight_Roll_2.uasset" 410
"../../../../../../Users/aieko/Documents/Unreal Projects/TDGame/Content/TDCharacter/PNG/KnightCharacter/Roll/HeroKnight_Roll_3.uasset" 411
"../../../../../../Users/aieko/Documents/Unreal Projects/TDGame/Content/TDCharacter/PNG/KnightCharacter/Roll/HeroKnight_Roll_4.uasset" 412
"../../../../../../Users/aieko/Documents/Unreal Projects/TDGame/Content/TDCharacter/PNG/KnightCharacter/Roll/HeroKnight_Roll_5.uasset" 413
"../../../../../../Users/aieko/Documents/Unreal Projects/TDGame/Content/TDCharacter/PNG/KnightCharacter/Roll/HeroKnight_Roll_6.uasset" 414
"../../../../../../Users/aieko/Documents/Unreal Projects/TDGame/Content/TDCharacter/PNG/KnightCharacter/Roll/HeroKnight_Roll_7.uasset" 415
"../../../../../../Users/aieko/Documents/Unreal Projects/TDGame/Content/TDCharacter/PNG/KnightCharacter/Run/HeroKnight_Run_9_Sprite.uasset" 416
"../../../../../../Users/aieko/Documents/Unreal Projects/TDGame/Content/TDCharacter/PNG/KnightCharacter/Run/HeroKnight_Run_8_Sprite.uasset" 417
"../../../../../../Users/aieko/Documents/Unreal Projects/TDGame/Content/TDCharacter/PNG/KnightCharacter/Run/HeroKnight_Run_7_Sprite.uasset" 418
"../../../../../../Users/aieko/Documents/Unreal Projects/TDGame/Content/TDCharacter/PNG/KnightCharacter/Run/HeroKnight_Run_6_Sprite.uasset" 419
"../../../../../../Users/aieko/Documents/Unreal Projects/TDGame/Content/TDCharacter/PNG/KnightCharacter/Run/HeroKnight_Run_5_Sprite.uasset" 420
"../../../../../../Users/aieko/Documents/Unreal Projects/TDGame/Content/TDCharacter/PNG/KnightCharacter/Run/HeroKnight_Run_4_Sprite.uasset" 421
"../../../../../../Users/aieko/Documents/Unreal Projects/TDGame/Content/TDCharacter/PNG/KnightCharacter/Run/HeroKnight_Run_3_Sprite.uasset" 422
"../../../../../../Users/aieko/Documents/Unreal Projects/TDGame/Content/TDCharacter/PNG/KnightCharacter/Run/HeroKnight_Run_2_Sprite.uasset" 423
"../../../../../../Users/aieko/Documents/Unreal Projects/TDGame/Content/TDCharacter/PNG/KnightCharacter/Run/HeroKnight_Run_1_Sprite.uasset" 424
"../../../../../../Users/aieko/Documents/Unreal Projects/TDGame/Content/TDCharacter/PNG/KnightCharacter/Run/HeroKnight_Run_0_Sprite.uasset" 425
"../../../../../../Users/aieko/Documents/Unreal Projects/TDGame/Content/TDCharacter/PNG/Adventurer/Material/CharacterLitDefaultMaterial.uasset" 426
"../../../../../../Users/aieko/Documents/Unreal Projects/TDGame/Content/TDCharacter/PNG/Adventurer/Material/Character_MaterialInstance.uasset" 427
"../../../../../../Users/aieko/Documents/Unreal Projects/TDGame/Content/TDCharacter/PNG/KnightCharacter/Run/HeroKnight_Run.uasset" 428
"../../../../../../Users/aieko/Documents/Unreal Projects/TDGame/Content/TDCharacter/PNG/KnightCharacter/Run/HeroKnight_Run_0.uasset" 429
"../../../../../../Users/aieko/Documents/Unreal Projects/TDGame/Content/TDCharacter/PNG/KnightCharacter/Run/HeroKnight_Run_1.uasset" 430
"../../../../../../Users/aieko/Documents/Unreal Projects/TDGame/Content/TDCharacter/PNG/KnightCharacter/Run/HeroKnight_Run_2.uasset" 431
"../../../../../../Users/aieko/Documents/Unreal Projects/TDGame/Content/TDCharacter/PNG/KnightCharacter/Run/HeroKnight_Run_3.uasset" 432
"../../../../../../Users/aieko/Documents/Unreal Projects/TDGame/Content/TDCharacter/PNG/KnightCharacter/Run/HeroKnight_Run_4.uasset" 433
"../../../../../../Users/aieko/Documents/Unreal Projects/TDGame/Content/TDCharacter/PNG/KnightCharacter/Run/HeroKnight_Run_5.uasset" 434
"../../../../../../Users/aieko/Documents/Unreal Projects/TDGame/Content/TDCharacter/PNG/KnightCharacter/Run/HeroKnight_Run_6.uasset" 435
"../../../../../../Users/aieko/Documents/Unreal Projects/TDGame/Content/TDCharacter/PNG/KnightCharacter/Run/HeroKnight_Run_7.uasset" 436
"../../../../../../Users/aieko/Documents/Unreal Projects/TDGame/Content/TDCharacter/PNG/KnightCharacter/Run/HeroKnight_Run_8.uasset" 437
"../../../../../../Users/aieko/Documents/Unreal Projects/TDGame/Content/TDCharacter/PNG/KnightCharacter/Run/HeroKnight_Run_9.uasset" 438
"../../../../../../Users/aieko/Documents/Unreal Projects/TDGame/Content/TileSets/Buildings/Bases/building_1.uasset" 439
"../../Plugins/2D/Paper2D/Content/MaskedLitSpriteMaterial.uasset" 440
"../../../../../../Users/aieko/Documents/Unreal Projects/TDGame/Content/TileSets/Buildings/Bases/building_1_Sprite.uasset" 441
"../../../../../../Users/aieko/Documents/Unreal Projects/TDGame/Content/TileSets/Firebone/CampFireFinished.uasset" 442
"../../../../../../Users/aieko/Documents/Unreal Projects/TDGame/Content/TileSets/Foes/Foe_lv1/imp_idle_anim_f0.uasset" 443
"../../../../../../Users/aieko/Documents/Unreal Projects/TDGame/Content/TileSets/Foes/Foe_lv1/imp_idle_anim_f1.uasset" 444
"../../../../../../Users/aieko/Documents/Unreal Projects/TDGame/Content/TileSets/Foes/Foe_lv1/imp_idle_anim_f2.uasset" 445
"../../../../../../Users/aieko/Documents/Unreal Projects/TDGame/Content/TileSets/Foes/Foe_lv1/imp_idle_anim_f3.uasset" 446
"../../../../../../Users/aieko/Documents/Unreal Projects/TDGame/Content/TileSets/Foes/Foe_lv1/imp_run_anim_f0.uasset" 447
"../../../../../../Users/aieko/Documents/Unreal Projects/TDGame/Content/TileSets/Foes/Foe_lv1/imp_run_anim_f1.uasset" 448
"../../../../../../Users/aieko/Documents/Unreal Projects/TDGame/Content/TileSets/Foes/Foe_lv1/imp_run_anim_f2.uasset" 449
"../../../../../../Users/aieko/Documents/Unreal Projects/TDGame/Content/TileSets/Foes/Foe_lv1/imp_run_anim_f3.uasset" 450
"../../Plugins/2D/Paper2D/Content/DummySprite.uasset" 451
"../../Plugins/2D/Paper2D/Content/DefaultPaperTerrainMaterial.uasset" 452
"../../Plugins/2D/Paper2D/Content/MaskedUnlitSpriteMaterial.uasset" 453
"../../Plugins/2D/Paper2D/Content/OpaqueUnlitSpriteMaterial.uasset" 454
"../../Plugins/Editor/SpeedTreeImporter/Content/SpeedTree9/UnpackInteger3.uasset" 455
"../../Plugins/Editor/SpeedTreeImporter/Content/SpeedTree9/UnpackDirection.uasset" 456
"../../Plugins/Editor/SpeedTreeImporter/Content/SpeedTree9/game_wind_noise.uasset" 457
"../../../Engine/Content/Functions/Engine_MaterialFunctions02/SafeNormalize.uasset" 458
"../../Plugins/Editor/SpeedTreeImporter/Content/SpeedTree9/SpeedTreeWindMotion.uasset" 459
"../../Plugins/Editor/SpeedTreeImporter/Content/SpeedTree9/SpeedTreeBranchMotion.uasset" 460
"../../../Engine/Content/Functions/Engine_MaterialFunctions02/ObjectLocalBounds.uasset" 461
"../../../Engine/Content/Functions/Engine_MaterialFunctions02/UVs/BoundingBoxBased_0-1_UVW.uasset" 462
"../../Plugins/Editor/SpeedTreeImporter/Content/SpeedTree9/SpeedTreeWind.uasset" 463
"../../Plugins/Editor/SpeedTreeImporter/Content/SpeedTree9/SpeedTreeBillboard.uasset" 464
"../../../Engine/Content/EngineResources/DefaultTexture.uasset" 465
"../../Plugins/Editor/SpeedTreeImporter/Content/SpeedTree9/SpeedTreeBillboardMaster.uasset" 466
"../../Plugins/Editor/SpeedTreeImporter/Content/SpeedTree9/SpeedTreeCameraFacing.uasset" 467
"../../Plugins/Editor/SpeedTreeImporter/Content/SpeedTree9/SpeedTreeMaster.uasset" 468
"../../Plugins/FX/Niagara/Content/Enums/ENiagaraCoordinateSpace.uasset" 469
"../../Plugins/FX/Niagara/Content/Enums/ENiagaraOrientationAxis.uasset" 470
"../../Plugins/FX/Niagara/Content/Enums/ENiagaraRandomnessMode.uasset" 471
"../../Plugins/FX/Niagara/Content/Icons/S_ParticleSystem.uasset" 472
"../../../Engine/Content/BasicShapes/Cylinder.uasset" 473
"../../../Engine/Content/ArtTools/RenderToTexture/Materials/Debug/M_Emissive_Color.uasset" 474
"../../Plugins/Lumin/MagicLeapPassableWorld/Content/MagicLeapARPinInfoActor.uasset" 475
"../../../Engine/Content/Functions/Engine_MaterialFunctions02/Utility/BreakOutFloat4Components.uasset" 476
"../../Plugins/Runtime/Oculus/OculusVR/Content/Materials/OculusMR_ChromaKey.uasset" 477
"../../Plugins/Runtime/Oculus/OculusVR/Content/Materials/OculusMR_OpaqueColoredMaterial.uasset" 478
"../../Plugins/Runtime/Oculus/OculusVR/Content/Materials/PokeAHoleMaterial.uasset" 479
"../../../Engine/Content/Maps/Entry_BuiltData.uasset" 480
"../../../Engine/Content/Maps/Entry.umap" 481
"../../../../../../Users/aieko/Documents/Unreal Projects/TDGame/Content/TileSets/Wall/wall_left.uasset" 482
"../../../../../../Users/aieko/Documents/Unreal Projects/TDGame/Content/TileSets/Wall/wall_left_TileSet.uasset" 483
"../../../../../../Users/aieko/Documents/Unreal Projects/TDGame/Content/TileSets/Wall/wall_corner_top_right.uasset" 484
"../../../../../../Users/aieko/Documents/Unreal Projects/TDGame/Content/TileSets/Wall/wall_corner_top_right_TileSet.uasset" 485
"../../../../../../Users/aieko/Documents/Unreal Projects/TDGame/Content/TileSets/Wall/wall_corner_top_left.uasset" 486
"../../../../../../Users/aieko/Documents/Unreal Projects/TDGame/Content/TileSets/Wall/wall_corner_top_left_TileSet.uasset" 487
"../../../../../../Users/aieko/Documents/Unreal Projects/TDGame/Content/TileSets/Wall/wall_corner_right.uasset" 488
"../../../../../../Users/aieko/Documents/Unreal Projects/TDGame/Content/TileSets/Wall/wall_corner_right_TileSet.uasset" 489
"../../../../../../Users/aieko/Documents/Unreal Projects/TDGame/Content/TileSets/Wall/wall_corner_left.uasset" 490
"../../../../../../Users/aieko/Documents/Unreal Projects/TDGame/Content/TileSets/Wall/wall_corner_left_TileSet.uasset" 491
"../../../../../../Users/aieko/Documents/Unreal Projects/TDGame/Content/TileSets/Wall/wall_top_mid.uasset" 492
"../../../../../../Users/aieko/Documents/Unreal Projects/TDGame/Content/TileSets/Wall/wall_top_mid_TileSet.uasset" 493
"../../../../../../Users/aieko/Documents/Unreal Projects/TDGame/Content/TileSets/Wall/Walls_Top.uasset" 494
"../../../../../../Users/aieko/Documents/Unreal Projects/TDGame/Content/TileSets/Wall/wall_mid.uasset" 495
"../../../../../../Users/aieko/Documents/Unreal Projects/TDGame/Content/TileSets/Wall/wall_mid_TileSet.uasset" 496
"../../../../../../Users/aieko/Documents/Unreal Projects/TDGame/Content/TileSets/Wall/wall_inner_corner_l_top_rigth.uasset" 497
"../../../../../../Users/aieko/Documents/Unreal Projects/TDGame/Content/TileSets/Wall/wall_inner_corner_l_top_rigth_TileSet.uasset" 498
"../../../../../../Users/aieko/Documents/Unreal Projects/TDGame/Content/TileSets/Wall/wall_inner_corner_l_top_left.uasset" 499
"../../../../../../Users/aieko/Documents/Unreal Projects/TDGame/Content/TileSets/Wall/wall_inner_corner_l_top_left_TileSet.uasset" 500
"../../../../../../Users/aieko/Documents/Unreal Projects/TDGame/Content/TileSets/Wall/Walls_Bottom.uasset" 501
"../../../../../../Users/aieko/Documents/Unreal Projects/TDGame/Content/TileSets/Wall/wall_side_mid_right.uasset" 502
"../../../../../../Users/aieko/Documents/Unreal Projects/TDGame/Content/TileSets/Wall/wall_side_mid_right_TileSet.uasset" 503
"../../../../../../Users/aieko/Documents/Unreal Projects/TDGame/Content/TileSets/Wall/wall_side_mid_right_TileMap.uasset" 504
"../../../../../../Users/aieko/Documents/Unreal Projects/TDGame/Content/TileSets/Wall/wall_side_mid_left.uasset" 505
"../../../../../../Users/aieko/Documents/Unreal Projects/TDGame/Content/TileSets/Wall/wall_side_mid_left_TileSet.uasset" 506
"../../../../../../Users/aieko/Documents/Unreal Projects/TDGame/Content/TileSets/Wall/wall_side_mid_left_TileMap.uasset" 507
"../../../../../../Users/aieko/Documents/Unreal Projects/TDGame/Content/TileSets/Floor/floor_1.uasset" 508
"../../../../../../Users/aieko/Documents/Unreal Projects/TDGame/Content/TileSets/Floor/floor_1_TileSet.uasset" 509
"../../../../../../Users/aieko/Documents/Unreal Projects/TDGame/Content/TileSets/Floor/Sprits_Floor/TileMap_Floor.uasset" 510
"../../../../../../Users/aieko/Documents/Unreal Projects/TDGame/Content/TileSets/Firebone/CampFireFinished_Sprite_4.uasset" 511
"../../../../../../Users/aieko/Documents/Unreal Projects/TDGame/Content/TileSets/Firebone/CampFireFinished_Sprite_3.uasset" 512
"../../../../../../Users/aieko/Documents/Unreal Projects/TDGame/Content/TileSets/Firebone/CampFireFinished_Sprite_2.uasset" 513
"../../../../../../Users/aieko/Documents/Unreal Projects/TDGame/Content/TileSets/Firebone/CampFireFinished_Sprite_1.uasset" 514
"../../../../../../Users/aieko/Documents/Unreal Projects/TDGame/Content/TileSets/Firebone/CampFireFinished_Sprite_0.uasset" 515
"../../../../../../Users/aieko/Documents/Unreal Projects/TDGame/Content/TileSets/Firebone/CampFireFinished1.uasset" 516
"../../../../../../Users/aieko/Documents/Unreal Projects/TDGame/Content/Maps/Level1_Cave_BuiltData.uasset" 517
"../../../../../../Users/aieko/Documents/Unreal Projects/TDGame/Content/TDCharacter/Blueprints/BP_PlayerController.uasset" 518
"../../../../../../Users/aieko/Documents/Unreal Projects/TDGame/Content/TDCharacter/PNG/Adventurer/Health/ui_heart_half.uasset" 519
"../../../../../../Users/aieko/Documents/Unreal Projects/TDGame/Content/TDCharacter/PNG/Adventurer/Health/ui_heart_full.uasset" 520
"../../../../../../Users/aieko/Documents/Unreal Projects/TDGame/Content/TDCharacter/PNG/Adventurer/Health/ui_heart_empty.uasset" 521
"../../../../../../Users/aieko/Documents/Unreal Projects/TDGame/Content/TDCharacter/Blueprints/Widgets/BP_HealthWidget.uasset" 522
"../../../../../../Users/aieko/Documents/Unreal Projects/TDGame/Content/TDCharacter/Blueprints/BP_HUD.uasset" 523
"../../../Engine/Content/EditorSounds/GamePreview/StartPlayInEditor.uasset" 524
"../../../Engine/Content/EditorSounds/GamePreview/StartPlayInEditor_Cue.uasset" 525
"../../../../../../Users/aieko/Documents/Unreal Projects/TDGame/Content/QuestSystem/BP_Quest_GetOutFromACave.uasset" 526
"../../../../../../Users/aieko/Documents/Unreal Projects/TDGame/Content/QuestSystem/BP_Quest_ClearACave2.uasset" 527
"../../../../../../Users/aieko/Documents/Unreal Projects/TDGame/Content/QuestSystem/FindAKnight/BP_Objective.uasset" 528
"../../../../../../Users/aieko/Documents/Unreal Projects/TDGame/Content/QuestSystem/FindAKnight/BP_Quest_FindSmallKnight.uasset" 529
"../../../../../../Users/aieko/Documents/Unreal Projects/TDGame/Content/QuestSystem/ClearACave/BP_Objective_ClearACaveQ.uasset" 530
"../../../../../../Users/aieko/Documents/Unreal Projects/TDGame/Content/QuestSystem/ClearACave/BP_Quest_ClearACave.uasset" 531
"../../../../../../Users/aieko/Documents/Unreal Projects/TDGame/Content/QuestSystem/Quest_List.uasset" 532
"../../../../../../Users/aieko/Documents/Unreal Projects/TDGame/Content/TDCharacter/PNG/KnightCharacter/Roll/HeroKnight_Roll_7_Sprite.uasset" 533
"../../../../../../Users/aieko/Documents/Unreal Projects/TDGame/Content/TDCharacter/PNG/KnightCharacter/Roll/HeroKnight_Roll_6_Sprite.uasset" 534
"../../../../../../Users/aieko/Documents/Unreal Projects/TDGame/Content/TDCharacter/PNG/KnightCharacter/Roll/HeroKnight_Roll_5_Sprite.uasset" 535
"../../../../../../Users/aieko/Documents/Unreal Projects/TDGame/Content/TDCharacter/PNG/KnightCharacter/Roll/HeroKnight_Roll_4_Sprite.uasset" 536
"../../../../../../Users/aieko/Documents/Unreal Projects/TDGame/Content/TDCharacter/PNG/KnightCharacter/Roll/HeroKnight_Roll_3_Sprite.uasset" 537
"../../../../../../Users/aieko/Documents/Unreal Projects/TDGame/Content/TDCharacter/PNG/KnightCharacter/Roll/HeroKnight_Roll_2_Sprite.uasset" 538
"../../../../../../Users/aieko/Documents/Unreal Projects/TDGame/Content/TDCharacter/PNG/KnightCharacter/Roll/HeroKnight_Roll_1_Sprite.uasset" 539
"../../../../../../Users/aieko/Documents/Unreal Projects/TDGame/Content/TDCharacter/PNG/KnightCharacter/Roll/HeroKnight_Roll_0_Sprite.uasset" 540
"../../../../../../Users/aieko/Documents/Unreal Projects/TDGame/Content/TDCharacter/PNG/KnightCharacter/Roll/HeroKnight_Roll.uasset" 541
"../../../../../../Users/aieko/Documents/Unreal Projects/TDGame/Content/TDCharacter/PNG/KnightCharacter/Idle/HeroKnight_Idle_7_Sprite.uasset" 542
"../../../../../../Users/aieko/Documents/Unreal Projects/TDGame/Content/TDCharacter/PNG/KnightCharacter/Idle/HeroKnight_Idle_6_Sprite.uasset" 543
"../../../../../../Users/aieko/Documents/Unreal Projects/TDGame/Content/TDCharacter/PNG/KnightCharacter/Idle/HeroKnight_Idle_5_Sprite.uasset" 544
"../../../../../../Users/aieko/Documents/Unreal Projects/TDGame/Content/TDCharacter/PNG/KnightCharacter/Idle/HeroKnight_Idle_4_Sprite.uasset" 545
"../../../../../../Users/aieko/Documents/Unreal Projects/TDGame/Content/TDCharacter/PNG/KnightCharacter/Idle/HeroKnight_Idle_3_Sprite.uasset" 546
"../../../../../../Users/aieko/Documents/Unreal Projects/TDGame/Content/TDCharacter/PNG/KnightCharacter/Idle/HeroKnight_Idle_2_Sprite.uasset" 547
"../../../../../../Users/aieko/Documents/Unreal Projects/TDGame/Content/TDCharacter/PNG/KnightCharacter/Idle/HeroKnight_Idle_1_Sprite.uasset" 548
"../../../../../../Users/aieko/Documents/Unreal Projects/TDGame/Content/TDCharacter/PNG/KnightCharacter/Idle/HeroKnight_Idle_0_Sprite.uasset" 549
"../../../../../../Users/aieko/Documents/Unreal Projects/TDGame/Content/TDCharacter/PNG/KnightCharacter/Idle/HeroKnight_Idle.uasset" 550
"../../../../../../Users/aieko/Documents/Unreal Projects/TDGame/Content/TDCharacter/PNG/KnightCharacter/Hurt/HeroKnight_Hurt_2_Sprite.uasset" 551
"../../../../../../Users/aieko/Documents/Unreal Projects/TDGame/Content/TDCharacter/PNG/KnightCharacter/Hurt/HeroKnight_Hurt_1_Sprite.uasset" 552
"../../../../../../Users/aieko/Documents/Unreal Projects/TDGame/Content/TDCharacter/PNG/KnightCharacter/Hurt/HeroKnight_Hurt_0_Sprite.uasset" 553
"../../../../../../Users/aieko/Documents/Unreal Projects/TDGame/Content/TDCharacter/PNG/KnightCharacter/Hurt/HeroKnight_Hurt.uasset" 554
"../../../../../../Users/aieko/Documents/Unreal Projects/TDGame/Content/TDCharacter/PNG/KnightCharacter/Death/HeroKnight_Death_9_Sprite.uasset" 555
"../../../../../../Users/aieko/Documents/Unreal Projects/TDGame/Content/TDCharacter/PNG/KnightCharacter/Death/HeroKnight_Death_8_Sprite.uasset" 556
"../../../../../../Users/aieko/Documents/Unreal Projects/TDGame/Content/TDCharacter/PNG/KnightCharacter/Death/HeroKnight_Death_7_Sprite.uasset" 557
"../../../../../../Users/aieko/Documents/Unreal Projects/TDGame/Content/TDCharacter/PNG/KnightCharacter/Death/HeroKnight_Death_6_Sprite.uasset" 558
"../../../../../../Users/aieko/Documents/Unreal Projects/TDGame/Content/TDCharacter/PNG/KnightCharacter/Death/HeroKnight_Death_5_Sprite.uasset" 559
"../../../../../../Users/aieko/Documents/Unreal Projects/TDGame/Content/TDCharacter/PNG/KnightCharacter/Death/HeroKnight_Death_4_Sprite.uasset" 560
"../../../../../../Users/aieko/Documents/Unreal Projects/TDGame/Content/TDCharacter/PNG/KnightCharacter/Death/HeroKnight_Death_3_Sprite.uasset" 561
"../../../../../../Users/aieko/Documents/Unreal Projects/TDGame/Content/TDCharacter/PNG/KnightCharacter/Death/HeroKnight_Death_2_Sprite.uasset" 562
"../../../../../../Users/aieko/Documents/Unreal Projects/TDGame/Content/TDCharacter/PNG/KnightCharacter/Death/HeroKnight_Death_1_Sprite.uasset" 563
"../../../../../../Users/aieko/Documents/Unreal Projects/TDGame/Content/TDCharacter/PNG/KnightCharacter/Death/HeroKnight_Death_0_Sprite.uasset" 564
"../../../../../../Users/aieko/Documents/Unreal Projects/TDGame/Content/TDCharacter/PNG/KnightCharacter/Death/HeroKnight_Death.uasset" 565
"../../../../../../Users/aieko/Documents/Unreal Projects/TDGame/Content/TDCharacter/PNG/KnightCharacter/Block/HeroKnight_Block_Idle_7.uasset" 566
"../../../../../../Users/aieko/Documents/Unreal Projects/TDGame/Content/TDCharacter/PNG/KnightCharacter/Block/HeroKnight_Block_Idle_7_Sprite.uasset" 567
"../../../../../../Users/aieko/Documents/Unreal Projects/TDGame/Content/TDCharacter/PNG/KnightCharacter/Block/HeroKnight_Block_Idle_6.uasset" 568
"../../../../../../Users/aieko/Documents/Unreal Projects/TDGame/Content/TDCharacter/PNG/KnightCharacter/Block/HeroKnight_Block_Idle_6_Sprite.uasset" 569
"../../../../../../Users/aieko/Documents/Unreal Projects/TDGame/Content/TDCharacter/PNG/KnightCharacter/Block/HeroKnight_Block_Idle_5.uasset" 570
"../../../../../../Users/aieko/Documents/Unreal Projects/TDGame/Content/TDCharacter/PNG/KnightCharacter/Block/HeroKnight_Block_Idle_5_Sprite.uasset" 571
"../../../../../../Users/aieko/Documents/Unreal Projects/TDGame/Content/TDCharacter/PNG/KnightCharacter/Block/HeroKnight_Block_Idle_4.uasset" 572
"../../../../../../Users/aieko/Documents/Unreal Projects/TDGame/Content/TDCharacter/PNG/KnightCharacter/Block/HeroKnight_Block_Idle_4_Sprite.uasset" 573
"../../../../../../Users/aieko/Documents/Unreal Projects/TDGame/Content/TDCharacter/PNG/KnightCharacter/Block/HeroKnight_Block_Idle_3.uasset" 574
"../../../../../../Users/aieko/Documents/Unreal Projects/TDGame/Content/TDCharacter/PNG/KnightCharacter/Block/HeroKnight_Block_Idle_3_Sprite.uasset" 575
"../../../../../../Users/aieko/Documents/Unreal Projects/TDGame/Content/TDCharacter/PNG/KnightCharacter/Block/HeroKnight_Block_Idle_2.uasset" 576
"../../../../../../Users/aieko/Documents/Unreal Projects/TDGame/Content/TDCharacter/PNG/KnightCharacter/Block/HeroKnight_Block_Idle_2_Sprite.uasset" 577
"../../../../../../Users/aieko/Documents/Unreal Projects/TDGame/Content/TDCharacter/PNG/KnightCharacter/Block/HeroKnight_Block_Idle_1.uasset" 578
"../../../../../../Users/aieko/Documents/Unreal Projects/TDGame/Content/TDCharacter/PNG/KnightCharacter/Block/HeroKnight_Block_Idle_1_Sprite.uasset" 579
"../../../../../../Users/aieko/Documents/Unreal Projects/TDGame/Content/TDCharacter/PNG/KnightCharacter/Block/HeroKnight_Block_Idle_0.uasset" 580
"../../../../../../Users/aieko/Documents/Unreal Projects/TDGame/Content/TDCharacter/PNG/KnightCharacter/Block/HeroKnight_Block_Idle_0_Sprite.uasset" 581
"../../../../../../Users/aieko/Documents/Unreal Projects/TDGame/Content/TDCharacter/PNG/KnightCharacter/Block/HeroKnight_Block_Idle.uasset" 582
"../../../../../../Users/aieko/Documents/Unreal Projects/TDGame/Content/TDCharacter/PNG/KnightCharacter/Block/Blocked/HeroKnight_Block_4.uasset" 583
"../../../../../../Users/aieko/Documents/Unreal Projects/TDGame/Content/TDCharacter/PNG/KnightCharacter/Block/Blocked/HeroKnight_Block_4_Sprite.uasset" 584
"../../../../../../Users/aieko/Documents/Unreal Projects/TDGame/Content/TDCharacter/PNG/KnightCharacter/Block/Blocked/HeroKnight_Block_3.uasset" 585
"../../../../../../Users/aieko/Documents/Unreal Projects/TDGame/Content/TDCharacter/PNG/KnightCharacter/Block/Blocked/HeroKnight_Block_3_Sprite.uasset" 586
"../../../../../../Users/aieko/Documents/Unreal Projects/TDGame/Content/TDCharacter/PNG/KnightCharacter/Block/Blocked/HeroKnight_Block_2.uasset" 587
"../../../../../../Users/aieko/Documents/Unreal Projects/TDGame/Content/TDCharacter/PNG/KnightCharacter/Block/Blocked/HeroKnight_Block_2_Sprite.uasset" 588
"../../../../../../Users/aieko/Documents/Unreal Projects/TDGame/Content/TDCharacter/PNG/KnightCharacter/Block/Blocked/HeroKnight_Block_1.uasset" 589
"../../../../../../Users/aieko/Documents/Unreal Projects/TDGame/Content/TDCharacter/PNG/KnightCharacter/Block/Blocked/HeroKnight_Block_1_Sprite.uasset" 590
"../../../../../../Users/aieko/Documents/Unreal Projects/TDGame/Content/TDCharacter/PNG/KnightCharacter/Block/Blocked/HeroKnight_Block_0.uasset" 591
"../../../../../../Users/aieko/Documents/Unreal Projects/TDGame/Content/TDCharacter/PNG/KnightCharacter/Block/Blocked/HeroKnight_Block_0_Sprite.uasset" 592
"../../../../../../Users/aieko/Documents/Unreal Projects/TDGame/Content/TDCharacter/PNG/KnightCharacter/Block/Blocked/HeroKnight_Block.uasset" 593
"../../../../../../Users/aieko/Documents/Unreal Projects/TDGame/Content/TDCharacter/PNG/KnightCharacter/Attack2/HeroKnight_Attack2_5_Sprite.uasset" 594
"../../../../../../Users/aieko/Documents/Unreal Projects/TDGame/Content/TDCharacter/PNG/KnightCharacter/Attack2/HeroKnight_Attack2_4_Sprite.uasset" 595
"../../../../../../Users/aieko/Documents/Unreal Projects/TDGame/Content/TDCharacter/PNG/KnightCharacter/Attack2/HeroKnight_Attack2_3_Sprite.uasset" 596
"../../../../../../Users/aieko/Documents/Unreal Projects/TDGame/Content/TDCharacter/PNG/KnightCharacter/Attack2/HeroKnight_Attack2_2_Sprite.uasset" 597
"../../../../../../Users/aieko/Documents/Unreal Projects/TDGame/Content/TDCharacter/PNG/KnightCharacter/Attack2/HeroKnight_Attack2_1_Sprite.uasset" 598
"../../../../../../Users/aieko/Documents/Unreal Projects/TDGame/Content/TDCharacter/PNG/KnightCharacter/Attack2/HeroKnight_Attack2_0_Sprite.uasset" 599
"../../../../../../Users/aieko/Documents/Unreal Projects/TDGame/Content/TDCharacter/PNG/KnightCharacter/Attack2/HeroKnight_Attack2.uasset" 600
"../../../Engine/Content/ArtTools/RenderToTexture/Textures/127grey.uasset" 601
"../../../../../../Users/aieko/Documents/Unreal Projects/TDGame/Plugins/DialoguePlugin_4_25/Content/UI/M_DarkenChildWidget.uasset" 602
"../../../../../../Users/aieko/Documents/Unreal Projects/TDGame/Plugins/DialoguePlugin_4_25/Content/UI/MI_DarkenChildWidget.uasset" 603
"../../../Engine/Content/EngineFonts/Faces/RobotoRegular.uasset" 604
"../../../Engine/Content/EngineFonts/Faces/RobotoLight.uasset" 605
"../../../Engine/Content/EngineFonts/Faces/RobotoItalic.uasset" 606
"../../../Engine/Content/EngineFonts/Faces/RobotoBoldItalic.uasset" 607
"../../../Engine/Content/EngineFonts/Faces/RobotoBold.uasset" 608
"../../../Engine/Content/EngineFonts/Roboto.uasset" 609
"../../../../../../Users/aieko/Documents/Unreal Projects/TDGame/Plugins/DialoguePlugin_4_25/Content/UI/RichTextStyles.uasset" 610
"../../../../../../Users/aieko/Documents/Unreal Projects/TDGame/Plugins/DialoguePlugin_4_25/Content/UI/DemoReplyWidget.uasset" 611
"../../../../../../Users/aieko/Documents/Unreal Projects/TDGame/Plugins/DialoguePlugin_4_25/Content/UI/DemoDialogueWidget.uasset" 612
"../../../../../../Users/aieko/Documents/Unreal Projects/TDGame/Content/TileSets/UI/UI_board_Large__parchment.uasset" 613
"../../../../../../Users/aieko/Documents/Unreal Projects/TDGame/Content/TileSets/UI/Fonts/ThaleahFat.uasset" 614
"../../../../../../Users/aieko/Documents/Unreal Projects/TDGame/Content/TileSets/UI/Fonts/ThaleahFat_Font.uasset" 615
"../../../../../../Users/aieko/Documents/Unreal Projects/TDGame/Content/Journal/Widget/BP_QuestName.uasset" 616
"../../../../../../Users/aieko/Documents/Unreal Projects/TDGame/Content/TileSets/UI/UI_board_Medium__parchment.uasset" 617
"../../../../../../Users/aieko/Documents/Unreal Projects/TDGame/Content/TileSets/UI/Close_Button.uasset" 618
"../../../../../../Users/aieko/Documents/Unreal Projects/TDGame/Content/Journal/Widget/BP_QuestDescription.uasset" 619
"../../../../../../Users/aieko/Documents/Unreal Projects/TDGame/Content/Journal/Widget/BP_JournalMain.uasset" 620
"../../../../../../Users/aieko/Documents/Unreal Projects/TDGame/Content/TileSets/UI/UI_board_Medium__stone.uasset" 621
"../../../../../../Users/aieko/Documents/Unreal Projects/TDGame/Content/TileSets/UI/UI_board_Large__stone.uasset" 622
"../../../../../../Users/aieko/Documents/Unreal Projects/TDGame/Content/InventorySystem/Widgets/WBP_InventoryItem.uasset" 623
"../../../../../../Users/aieko/Documents/Unreal Projects/TDGame/Content/InventorySystem/Item_Images/coin_anim_f0.uasset" 624
"../../../../../../Users/aieko/Documents/Unreal Projects/TDGame/Content/InventorySystem/Widgets/WBP_Inventory.uasset" 625
"../../../../../../Users/aieko/Documents/Unreal Projects/TDGame/Content/InventorySystem/Items_PNG/Potion.uasset" 626
"../../../../../../Users/aieko/Documents/Unreal Projects/TDGame/Content/InventorySystem/Items/BP_Potion.uasset" 627
"../../../../../../Users/aieko/Documents/Unreal Projects/TDGame/Content/TileSets/UI/Exclamation_Yellow.uasset" 628
"../../../../../../Users/aieko/Documents/Unreal Projects/TDGame/Content/InventorySystem/Items/BP_Item.uasset" 629
"../../../../../../Users/aieko/Documents/Unreal Projects/TDGame/Content/InventorySystem/Items/BP_Pickup_Item.uasset" 630
"../../../../../../Users/aieko/Documents/Unreal Projects/TDGame/Content/QuestSystem/DialogueEvents/Reward_ClearACave.uasset" 631
"../../../../../../Users/aieko/Documents/Unreal Projects/TDGame/Content/BluePrints/Foes/SpawnFoes.uasset" 632
"../../../../../../Users/aieko/Documents/Unreal Projects/TDGame/Content/BluePrints/Foes/EQuery_FindSpawnLocation.uasset" 633
"../../../../../../Users/aieko/Documents/Unreal Projects/TDGame/Content/TileSets/Foes/Foe_lv1/Sprites/imp_run_anim_f3_Sprite.uasset" 634
"../../../../../../Users/aieko/Documents/Unreal Projects/TDGame/Content/TileSets/Foes/Foe_lv1/Sprites/imp_run_anim_f2_Sprite.uasset" 635
"../../../../../../Users/aieko/Documents/Unreal Projects/TDGame/Content/TileSets/Foes/Foe_lv1/Sprites/imp_run_anim_f1_Sprite.uasset" 636
"../../../../../../Users/aieko/Documents/Unreal Projects/TDGame/Content/TileSets/Foes/Foe_lv1/Sprites/imp_run_anim_f0_Sprite.uasset" 637
"../../../../../../Users/aieko/Documents/Unreal Projects/TDGame/Content/TileSets/Foes/Foe_lv1/Sprites/imp_run_anim_f.uasset" 638
"../../../../../../Users/aieko/Documents/Unreal Projects/TDGame/Content/TileSets/Foes/Foe_lv1/Sprites/imp_idle_anim_f3_Sprite.uasset" 639
"../../../../../../Users/aieko/Documents/Unreal Projects/TDGame/Content/TileSets/Foes/Foe_lv1/Sprites/imp_idle_anim_f2_Sprite.uasset" 640
"../../../../../../Users/aieko/Documents/Unreal Projects/TDGame/Content/TileSets/Foes/Foe_lv1/Sprites/imp_idle_anim_f1_Sprite.uasset" 641
"../../../../../../Users/aieko/Documents/Unreal Projects/TDGame/Content/TileSets/Foes/Foe_lv1/Sprites/imp_idle_anim_f0_Sprite.uasset" 642
"../../../../../../Users/aieko/Documents/Unreal Projects/TDGame/Content/TileSets/Foes/Foe_lv1/Sprites/imp_idle_anim_f.uasset" 643
"../../../../../../Users/aieko/Documents/Unreal Projects/TDGame/Content/BluePrints/Foes/Effects/PNG/Blood/imgbin_animation-sprite-opengameart-org-particle-system-png__3__Sprite_9.uasset" 644
"../../../../../../Users/aieko/Documents/Unreal Projects/TDGame/Content/BluePrints/Foes/Effects/PNG/Blood/imgbin_animation-sprite-opengameart-org-particle-system-png__3__Sprite_8.uasset" 645
"../../../../../../Users/aieko/Documents/Unreal Projects/TDGame/Content/BluePrints/Foes/Effects/PNG/Blood/imgbin_animation-sprite-opengameart-org-particle-system-png__3__Sprite_7.uasset" 646
"../../../../../../Users/aieko/Documents/Unreal Projects/TDGame/Content/BluePrints/Foes/Effects/PNG/Blood/imgbin_animation-sprite-opengameart-org-particle-system-png__3__Sprite_6.uasset" 647
"../../../../../../Users/aieko/Documents/Unreal Projects/TDGame/Content/BluePrints/Foes/Effects/PNG/Blood/imgbin_animation-sprite-opengameart-org-particle-system-png__3__Sprite_5.uasset" 648
"../../../../../../Users/aieko/Documents/Unreal Projects/TDGame/Content/BluePrints/Foes/Effects/PNG/Blood/imgbin_animation-sprite-opengameart-org-particle-system-png__3__Sprite_4.uasset" 649
"../../../../../../Users/aieko/Documents/Unreal Projects/TDGame/Content/BluePrints/Foes/Effects/PNG/Blood/imgbin_animation-sprite-opengameart-org-particle-system-png__3__Sprite_3.uasset" 650
"../../../../../../Users/aieko/Documents/Unreal Projects/TDGame/Content/BluePrints/Foes/Effects/PNG/Blood/imgbin_animation-sprite-opengameart-org-particle-system-png__3__Sprite_2.uasset" 651
"../../../../../../Users/aieko/Documents/Unreal Projects/TDGame/Content/BluePrints/Foes/Effects/PNG/Blood/imgbin_animation-sprite-opengameart-org-particle-system-png__3__Sprite_13.uasset" 652
"../../../../../../Users/aieko/Documents/Unreal Projects/TDGame/Content/BluePrints/Foes/Effects/PNG/Blood/imgbin_animation-sprite-opengameart-org-particle-system-png__3__Sprite_12.uasset" 653
"../../../../../../Users/aieko/Documents/Unreal Projects/TDGame/Content/BluePrints/Foes/Effects/PNG/Blood/imgbin_animation-sprite-opengameart-org-particle-system-png__3__Sprite_11.uasset" 654
"../../../../../../Users/aieko/Documents/Unreal Projects/TDGame/Content/BluePrints/Foes/Effects/PNG/Blood/imgbin_animation-sprite-opengameart-org-particle-system-png__3__Sprite_10.uasset" 655
"../../../../../../Users/aieko/Documents/Unreal Projects/TDGame/Content/BluePrints/Foes/Effects/PNG/Blood/imgbin_animation-sprite-opengameart-org-particle-system-png__3__Sprite_1.uasset" 656
"../../../../../../Users/aieko/Documents/Unreal Projects/TDGame/Content/BluePrints/Foes/Effects/PNG/Blood/imgbin_animation-sprite-opengameart-org-particle-system-png__3__Sprite_0.uasset" 657
"../../../../../../Users/aieko/Documents/Unreal Projects/TDGame/Content/BluePrints/Foes/Effects/PNG/Blood/imgbin_animation-sprite-opengameart-org-particle-system-png__3.uasset" 658
"../../../Engine/Content/EngineMaterials/T_DefaultTexture2_D.uasset" 659
"../../../../../../Users/aieko/Documents/Unreal Projects/TDGame/Content/BluePrints/Foes/Materials/Foe_DefaultMaterial.uasset" 660
"../../../../../../Users/aieko/Documents/Unreal Projects/TDGame/Content/BluePrints/Foes/Materials/Foe_MaterialInstance.uasset" 661
"../../../../../../Users/aieko/Documents/Unreal Projects/TDGame/Content/BluePrints/Foes/BP_Minion.uasset" 662
"../../../../../../Users/aieko/Documents/Unreal Projects/TDGame/Content/QuestSystem/DialogueEvents/Giver_ClearACave.uasset" 663
"../../../../../../Users/aieko/Documents/Unreal Projects/TDGame/Content/DialogSystem/Conditions/SmallKnight_ClearCaveQ/ClearCaveQNOTComplete.uasset" 664
"../../../../../../Users/aieko/Documents/Unreal Projects/TDGame/Content/DialogSystem/Conditions/SmallKnight_ClearCaveQ/ClearCaveQNOTActive.uasset" 665
"../../../../../../Users/aieko/Documents/Unreal Projects/TDGame/Content/DialogSystem/Conditions/SmallKnight_ClearCaveQ/ClearCaveQComplete.uasset" 666
"../../../../../../Users/aieko/Documents/Unreal Projects/TDGame/Content/DialogSystem/Conditions/SmallKnight_ClearCaveQ/ClearCaveQActive.uasset" 667
"../../../../../../Users/aieko/Documents/Unreal Projects/TDGame/Content/DialogSystem/Dialogs/SmallKnight.uasset" 668
"../../../../../../Users/aieko/Documents/Unreal Projects/TDGame/Content/DialogSystem/Dialogs/Elf_M.uasset" 669
"../../../../../../Users/aieko/Documents/Unreal Projects/TDGame/Content/DialogSystem/DataTable/DialogueStuct.uasset" 670
"../../../../../../Users/aieko/Documents/Unreal Projects/TDGame/Content/DialogSystem/DataTable/DT_DialogueList.uasset" 671
"../../../../../../Users/aieko/Documents/Unreal Projects/TDGame/Content/TDCharacter/Blueprints/BP_PaperCharacter.uasset" 672
"../../../../../../Users/aieko/Documents/Unreal Projects/TDGame/Content/TDCharacter/Blueprints/BP_GameMode.uasset" 673
"../../../../../../Users/aieko/Documents/Unreal Projects/TDGame/Content/TDCharacter/Sprites/Knight/knight_m_idle_anim_f3_Sprite.uasset" 674
"../../../../../../Users/aieko/Documents/Unreal Projects/TDGame/Content/TDCharacter/Sprites/Knight/knight_m_idle_anim_f2_Sprite.uasset" 675
"../../../../../../Users/aieko/Documents/Unreal Projects/TDGame/Content/TDCharacter/Sprites/Knight/knight_m_idle_anim_f1_Sprite.uasset" 676
"../../../../../../Users/aieko/Documents/Unreal Projects/TDGame/Content/TDCharacter/Sprites/Knight/knight_m_idle_anim_f0_Sprite.uasset" 677
"../../../../../../Users/aieko/Documents/Unreal Projects/TDGame/Content/TDCharacter/Sprites/Knight/knight_m_idle_anim_f.uasset" 678
"../../../../../../Users/aieko/Documents/Unreal Projects/TDGame/Content/BluePrints/NPC/BP_NPC_SmallKnight.uasset" 679
"../../../../../../Users/aieko/Documents/Unreal Projects/TDGame/Content/TDCharacter/PNG/ELF_M/elf_m_idle_anim_f3.uasset" 680
"../../../../../../Users/aieko/Documents/Unreal Projects/TDGame/Content/TDCharacter/Sprites/Elf_M/elf_m_idle_anim_f3_Sprite.uasset" 681
"../../../../../../Users/aieko/Documents/Unreal Projects/TDGame/Content/TDCharacter/PNG/ELF_M/elf_m_idle_anim_f2.uasset" 682
"../../../../../../Users/aieko/Documents/Unreal Projects/TDGame/Content/TDCharacter/Sprites/Elf_M/elf_m_idle_anim_f2_Sprite.uasset" 683
"../../../../../../Users/aieko/Documents/Unreal Projects/TDGame/Content/TDCharacter/PNG/ELF_M/elf_m_idle_anim_f1.uasset" 684
"../../../../../../Users/aieko/Documents/Unreal Projects/TDGame/Content/TDCharacter/Sprites/Elf_M/elf_m_idle_anim_f1_Sprite.uasset" 685
"../../../../../../Users/aieko/Documents/Unreal Projects/TDGame/Content/TDCharacter/PNG/ELF_M/elf_m_idle_anim_f0.uasset" 686
"../../../../../../Users/aieko/Documents/Unreal Projects/TDGame/Content/TDCharacter/Sprites/Elf_M/elf_m_idle_anim_f0_Sprite.uasset" 687
"../../../../../../Users/aieko/Documents/Unreal Projects/TDGame/Content/TDCharacter/Sprites/elf_m_idle_anim_f.uasset" 688
"../../../../../../Users/aieko/Documents/Unreal Projects/TDGame/Content/BluePrints/NPC/BP_NPC_Elf.uasset" 689
"../../../../../../Users/aieko/Documents/Unreal Projects/TDGame/Content/TileSets/Foes/Devil/chort_run_anim_f3.uasset" 690
"../../../../../../Users/aieko/Documents/Unreal Projects/TDGame/Content/TileSets/Foes/Devil/Sprites/chort_run_anim_f3_Sprite.uasset" 691
"../../../../../../Users/aieko/Documents/Unreal Projects/TDGame/Content/TileSets/Foes/Devil/chort_run_anim_f2.uasset" 692
"../../../../../../Users/aieko/Documents/Unreal Projects/TDGame/Content/TileSets/Foes/Devil/Sprites/chort_run_anim_f2_Sprite.uasset" 693
"../../../../../../Users/aieko/Documents/Unreal Projects/TDGame/Content/TileSets/Foes/Devil/chort_run_anim_f1.uasset" 694
"../../../../../../Users/aieko/Documents/Unreal Projects/TDGame/Content/TileSets/Foes/Devil/Sprites/chort_run_anim_f1_Sprite.uasset" 695
"../../../../../../Users/aieko/Documents/Unreal Projects/TDGame/Content/TileSets/Foes/Devil/chort_run_anim_f0.uasset" 696
"../../../../../../Users/aieko/Documents/Unreal Projects/TDGame/Content/TileSets/Foes/Devil/Sprites/chort_run_anim_f0_Sprite.uasset" 697
"../../../../../../Users/aieko/Documents/Unreal Projects/TDGame/Content/TileSets/Foes/Devil/Sprites/FlipBooks/chort_run_anim_f.uasset" 698
"../../../../../../Users/aieko/Documents/Unreal Projects/TDGame/Content/TileSets/Foes/Devil/chort_idle_anim_f2.uasset" 699
"../../../../../../Users/aieko/Documents/Unreal Projects/TDGame/Content/TileSets/Foes/Devil/Sprites/chort_idle_anim_f2_Sprite.uasset" 700
"../../../../../../Users/aieko/Documents/Unreal Projects/TDGame/Content/TileSets/Foes/Devil/chort_idle_anim_f1.uasset" 701
"../../../../../../Users/aieko/Documents/Unreal Projects/TDGame/Content/TileSets/Foes/Devil/Sprites/chort_idle_anim_f1_Sprite.uasset" 702
"../../../../../../Users/aieko/Documents/Unreal Projects/TDGame/Content/TileSets/Foes/Devil/chort_idle_anim_f0.uasset" 703
"../../../../../../Users/aieko/Documents/Unreal Projects/TDGame/Content/TileSets/Foes/Devil/Sprites/chort_idle_anim_f0_Sprite.uasset" 704
"../../../../../../Users/aieko/Documents/Unreal Projects/TDGame/Content/TileSets/Foes/Devil/Sprites/FlipBooks/chort_idle_anim_f.uasset" 705
"../../../../../../Users/aieko/Documents/Unreal Projects/TDGame/Content/TileSets/Foes/Devil/chort_idle_anim_f3.uasset" 706
"../../../../../../Users/aieko/Documents/Unreal Projects/TDGame/Content/TileSets/Foes/Devil/Sprites/chort_idle_anim_f3_Sprite.uasset" 707
"../../../../../../Users/aieko/Documents/Unreal Projects/TDGame/Content/TileSets/Foes/Devil/Sprites/FlipBooks/chort_Attack_anim_f.uasset" 708
"../../../../../../Users/aieko/Documents/Unreal Projects/TDGame/Content/BluePrints/Foes/Foe_Devil/BP_Devil.uasset" 709
"../../../../../../Users/aieko/Documents/Unreal Projects/TDGame/Content/BluePrints/BP_Base.uasset" 710
"../../../Engine/Content/EngineResources/GrayLightTextureCube.uasset" 711
"../../../Engine/Content/BasicShapes/Plane.uasset" 712
"../../../Engine/Content/BasicShapes/BasicShapeMaterial.uasset" 713
"../../../../../../Users/aieko/Documents/Unreal Projects/TDGame/Content/Maps/Level1_Cave.umap" 714
